2025-12-29 22:53:50 - ═══════════════════════════════════════════════════════════════════════════
2025-12-29 22:53:50 - VÉRIFICATION PRÉREQUIS
2025-12-29 22:53:50 - ═══════════════════════════════════════════════════════════════════════════
2025-12-29 22:53:50 - [1/3] Git...
2025-12-29 22:53:50 - ✓ Git : git version 2.51.0
2025-12-29 22:53:50 - [2/3] GitHub CLI...
2025-12-29 22:53:50 - ✓ gh : gh version 2.46.0 (2025-01-13 Debian 2.46.0-3)
2025-12-29 22:53:50 - [3/3] Authentification GitHub...
2025-12-29 22:53:50 - ✓ Authentification active
2025-12-29 22:53:50 - ═══════════════════════════════════════════════════════════════════════════
2025-12-29 22:53:50 - ✓ TOUS PRÉREQUIS OK
2025-12-29 22:53:50 - ═══════════════════════════════════════════════════════════════════════════
2025-12-29 22:53:50 - ═══════════════════════════════════════════════════════════════════════════
2025-12-29 22:53:50 - CRÉATION DÉPÔT GIT COMPLET
2025-12-29 22:53:50 - ═══════════════════════════════════════════════════════════════════════════
2025-12-29 22:53:50 - [1/8] Répertoire local: /mnt/data2_78g/Security/scripts/Projects_utility/create_repo
2025-12-29 22:53:50 - → Répertoire existe, conservation fichiers
2025-12-29 22:53:50 - ✓ Accès répertoire OK
2025-12-29 22:53:50 - [2/8] Vérification Git...
2025-12-29 22:53:50 - → Initialisation nouveau dépôt Git (branche main)
2025-12-29 22:53:50 - [3/8] Fichiers de base...
2025-12-29 22:53:50 - ✓ README.md créé
2025-12-29 22:53:50 - → Pas de .gitignore demandé
2025-12-29 22:53:50 - [4/8] Dépôt distant GitHub...
2025-12-29 22:53:51 - ✓ Dépôt distant créé
2025-12-29 22:53:51 - [5/8] Remote origin...
2025-12-29 22:53:51 - ✓ Remote configurée
2025-12-29 22:53:51 - [6/8] Commit initial et push vers main...
