2026-01-30 22:39:09 - ╔════════════════════════════════════════════════════════════════════════════╗
2026-01-30 22:39:09 - ║                    TEMPLATES DISPONIBLES                                   ║
2026-01-30 22:39:09 - ╚════════════════════════════════════════════════════════════════════════════╝
2026-01-30 22:39:09 - 
2026-01-30 22:39:09 - ✗ ERREUR : Dossier ./gitignore_templates introuvable
2026-01-30 22:39:21 - ╔════════════════════════════════════════════════════════════════════════════╗
2026-01-30 22:39:21 - ║                    TEMPLATES DISPONIBLES                                   ║
2026-01-30 22:39:21 - ╚════════════════════════════════════════════════════════════════════════════╝
2026-01-30 22:39:21 - 
2026-01-30 22:39:21 - ✗ ERREUR : Dossier ./gitignore_templates introuvable
2026-01-30 22:39:46 - ✗ ERREUR : Dossier templates introuvable : ./gitignore_templates
2026-01-30 22:39:46 -   Assure-toi que gitignore_templates/ existe dans le même dossier que ce script
2026-01-30 22:41:31 - ════════════════════════════════════════════════════════════════════════════
2026-01-30 22:41:31 - Création/ajout du template : --autoappend
2026-01-30 22:41:31 - ════════════════════════════════════════════════════════════════════════════
2026-01-30 22:41:31 - ✗ ERREUR : Template '--autoappend' introuvable
2026-01-30 22:41:31 -   Fichier attendu : ./gitignore_templates/--autoappend.gitignore
2026-01-30 22:41:31 -   Utilise --list pour voir les templates disponibles
2026-01-30 22:41:45 - ╔════════════════════════════════════════════════════════════════════════════╗
2026-01-30 22:41:45 - ║                    TEMPLATES DISPONIBLES                                   ║
2026-01-30 22:41:45 - ╚════════════════════════════════════════════════════════════════════════════╝
2026-01-30 22:41:45 - 
2026-01-30 22:41:45 - LANGAGES DE PROGRAMMATION:
2026-01-30 22:41:45 - 
2026-01-30 22:41:46 - FRAMEWORKS/CMS:
2026-01-30 22:41:46 - 
2026-01-30 22:41:46 - SYSTÈMES D'EXPLOITATION:
2026-01-30 22:41:46 - 
2026-01-30 22:41:46 - IDE:
2026-01-30 22:41:46 - 
2026-01-30 22:41:46 - OUTILS:
